<?xml version="1.0" encoding="utf-8"?><testsuites name="pytest tests"><testsuite name="pytest" errors="0" failures="0" skipped="0" tests="25" time="2.638" timestamp="2026-04-27T14:25:33.212218+00:00" hostname="agent-env-1ce80b1b-cc9c-47bf-b2a4-16f086abf2dc"><testcase classname="backend.tests.test_audycook_backend.TestProducts" name="test_list_products" time="0.281" /><testcase classname="backend.tests.test_audycook_backend.TestProducts" name="test_product_by_slug" time="0.058" /><testcase classname="backend.tests.test_audycook_backend.TestProducts" name="test_product_unknown_slug_404" time="0.055" /><testcase classname="backend.tests.test_audycook_backend.TestMenu" name="test_list_menu" time="0.051" /><testcase classname="backend.tests.test_audycook_backend.TestBlog" name="test_list_blog" time="0.061" /><testcase classname="backend.tests.test_audycook_backend.TestBlog" name="test_blog_by_slug" time="0.053" /><testcase classname="backend.tests.test_audycook_backend.TestBlog" name="test_blog_unknown_slug_404" time="0.052" /><testcase classname="backend.tests.test_audycook_backend.TestStatic" name="test_resellers" time="0.053" /><testcase classname="backend.tests.test_audycook_backend.TestStatic" name="test_whatsapp" time="0.056" /><testcase classname="backend.tests.test_audycook_backend.TestAuth" name="test_login_success" time="0.130" /><testcase classname="backend.tests.test_audycook_backend.TestAuth" name="test_login_wrong_password" time="0.127" /><testcase classname="backend.tests.test_audycook_backend.TestAuth" name="test_login_validation_missing_fields" time="0.052" /><testcase classname="backend.tests.test_audycook_backend.TestAuth" name="test_login_invalid_email_format" time="0.051" /><testcase classname="backend.tests.test_audycook_backend.TestAuth" name="test_me_without_token" time="0.081" /><testcase classname="backend.tests.test_audycook_backend.TestAuth" name="test_me_with_token" time="0.204" /><testcase classname="backend.tests.test_audycook_backend.TestAdminProducts" name="test_product_full_crud" time="0.322" /><testcase classname="backend.tests.test_audycook_backend.TestAdminProducts" name="test_create_product_requires_auth" time="0.051" /><testcase classname="backend.tests.test_audycook_backend.TestAdminBlog" name="test_blog_full_crud" time="0.215" /><testcase classname="backend.tests.test_audycook_backend.TestAdminBlog" name="test_create_blog_requires_auth" time="0.051" /><testcase classname="backend.tests.test_audycook_backend.TestAdminMenu" name="test_menu_full_crud" time="0.163" /><testcase classname="backend.tests.test_audycook_backend.TestAdminMenu" name="test_create_menu_requires_auth" time="0.048" /><testcase classname="backend.tests.test_audycook_backend.TestCheckout" name="test_empty_items_rejected" time="0.057" /><testcase classname="backend.tests.test_audycook_backend.TestCheckout" name="test_missing_origin_url_rejected" time="0.055" /><testcase classname="backend.tests.test_audycook_backend.TestCheckout" name="test_invalid_product_id_rejected" time="0.053" /><testcase classname="backend.tests.test_audycook_backend.TestCheckout" name="test_invalid_quantity_rejected" time="0.048" /></testsuite></testsuites>