<?xml version="1.0" encoding="utf-8"?><testsuites name="pytest tests"><testsuite name="pytest" errors="0" failures="0" skipped="0" tests="14" time="1.318" timestamp="2026-04-27T14:45:51.013530+00:00" hostname="agent-env-1ce80b1b-cc9c-47bf-b2a4-16f086abf2dc"><testcase classname="backend.tests.test_referrals_iteration3.TestIteration1Invariants" name="test_products_list_six" time="0.296" /><testcase classname="backend.tests.test_referrals_iteration3.TestIteration1Invariants" name="test_admin_login_still_works" time="0.126" /><testcase classname="backend.tests.test_referrals_iteration3.TestReferralValidate" name="test_invalid_code_returns_404" time="0.056" /><testcase classname="backend.tests.test_referrals_iteration3.TestReferralValidate" name="test_empty_string_code_returns_404_or_400" time="0.052" /><testcase classname="backend.tests.test_referrals_iteration3.TestAdminReferralsAuth" name="test_post_without_auth_returns_401" time="0.054" /><testcase classname="backend.tests.test_referrals_iteration3.TestAdminReferralsAuth" name="test_get_without_auth_returns_401" time="0.053" /><testcase classname="backend.tests.test_referrals_iteration3.TestAdminReferralsCreateAndList" name="test_create_returns_formatted_code" time="0.052" /><testcase classname="backend.tests.test_referrals_iteration3.TestAdminReferralsCreateAndList" name="test_validate_freshly_created_code" time="0.054" /><testcase classname="backend.tests.test_referrals_iteration3.TestAdminReferralsCreateAndList" name="test_validate_case_insensitive" time="0.065" /><testcase classname="backend.tests.test_referrals_iteration3.TestAdminReferralsCreateAndList" name="test_list_includes_created_code" time="0.057" /><testcase classname="backend.tests.test_referrals_iteration3.TestCheckoutValidation" name="test_empty_items_returns_400_or_422" time="0.060" /><testcase classname="backend.tests.test_referrals_iteration3.TestCheckoutValidation" name="test_invalid_product_id_returns_400_before_stripe" time="0.054" /><testcase classname="backend.tests.test_referrals_iteration3.TestCheckoutValidation" name="test_invalid_referral_code_returns_400" time="0.103" /><testcase classname="backend.tests.test_referrals_iteration3.TestCheckoutValidation" name="test_valid_items_no_referral_reaches_stripe" time="0.141" /></testsuite></testsuites>